
2020-04-10 09:49:32,969 [9] INFO  RequestLog - http://localhost:51534/api/PubUser/Add
token:Bearer 
 data:{
  "id": 123,
  "userCode": "111",
  "userName": "test",
  "realName": "zxt",
  "userPwd": "123123",
  "sex": true,
  "identityNo": "",
  "birthday": "2020-04-10T01:13:36.981Z",
  "deptCode": "",
  "managerFlag": true,
  "tel": "13434139077",
  "eMail": "zxt@163.com",
  "qq": "string",
  "stopFlag": true,
  
}

2020-04-10 09:50:15,065 [7] INFO  RequestLog - http://localhost:51534/api/PubUser/Add
token:Bearer eyJhbGciOiJIUzI1NiIsInR5cCI6IkpXVCJ9.eyJ1bmlxdWVfbmFtZSI6ImFkbWluIiwiSWQiOiIyIiwiVXNlckNvZGUiOiIwMDAwMDAwMiIsIlRlbCI6IjE1Mjg4MTMzMTE2IiwiRGVwdENvZGUiOiJEMDAwMDAyIiwibmJmIjoxNTg2NDgzMzk2LCJleHAiOjE1ODY0ODUxOTYsImlhdCI6MTU4NjQ4MzM5NiwiaXNzIjoiWlhZTC5XZWIuQXBpIn0.grFQYGU2HILHUtbNtwllD7DH-UWh7bNWIgQKYfUqBaw 
 data:{
  "id": 123,
  "userCode": "111",
  "userName": "test",
  "realName": "zxt",
  "userPwd": "123123",
  "sex": true,
  "identityNo": "",
  "birthday": "2020-04-10T01:13:36.981Z",
  "deptCode": "",
  "managerFlag": true,
  "tel": "13434139077",
  "eMail": "zxt@163.com",
  "qq": "string",
  "stopFlag": true,
  
}

2020-04-10 09:52:18,635 [9] INFO  RequestLog - http://localhost:51534/api/PubUser/Edit
token:Bearer eyJhbGciOiJIUzI1NiIsInR5cCI6IkpXVCJ9.eyJ1bmlxdWVfbmFtZSI6ImFkbWluIiwiSWQiOiIyIiwiVXNlckNvZGUiOiIwMDAwMDAwMiIsIlRlbCI6IjE1Mjg4MTMzMTE2IiwiRGVwdENvZGUiOiJEMDAwMDAyIiwibmJmIjoxNTg2NDgzMzk2LCJleHAiOjE1ODY0ODUxOTYsImlhdCI6MTU4NjQ4MzM5NiwiaXNzIjoiWlhZTC5XZWIuQXBpIn0.grFQYGU2HILHUtbNtwllD7DH-UWh7bNWIgQKYfUqBaw 
 data:{
  "id": 123,
  "userCode": "222",
  
}
