
2020-03-27 10:43:50,240 [7] INFO  RequestLog - http://localhost:51534/api/PubUser/GetAccess
token:Bearer eyJhbGciOiJIUzI1NiIsInR5cCI6IkpXVCJ9.eyJ1bmlxdWVfbmFtZSI6ImFkbWluIiwiSWQiOiIyIiwiVXNlckNvZGUiOiIwMDAwMDAwMiIsIlRlbCI6IjE1Mjg4MTMzMTE2IiwiRGVwdENvZGUiOiJEMDAwMDAyIiwibmJmIjoxNTg1Mjc3MDI5LCJleHAiOjE1ODUyNzg4MjksImlhdCI6MTU4NTI3NzAyOSwiaXNzIjoiWlhZTC5XZWIuQXBpIn0.RtrWi4-30WEYLZTI7bPyRpZSavkoB6FS4U56szyRKIk 
 data:

2020-03-27 10:43:51,050 [12] INFO  RequestLog - http://localhost:51534/api/PubFunction/getMenu
token:Bearer false 
 data:

2020-03-27 10:43:56,710 [12] INFO  RequestLog - http://localhost:51534/api/PubUser/GetAccess
token:Bearer eyJhbGciOiJIUzI1NiIsInR5cCI6IkpXVCJ9.eyJ1bmlxdWVfbmFtZSI6ImFkbWluIiwiSWQiOiIyIiwiVXNlckNvZGUiOiIwMDAwMDAwMiIsIlRlbCI6IjE1Mjg4MTMzMTE2IiwiRGVwdENvZGUiOiJEMDAwMDAyIiwibmJmIjoxNTg1Mjc3MDI5LCJleHAiOjE1ODUyNzg4MjksImlhdCI6MTU4NTI3NzAyOSwiaXNzIjoiWlhZTC5XZWIuQXBpIn0.RtrWi4-30WEYLZTI7bPyRpZSavkoB6FS4U56szyRKIk 
 data:

2020-03-27 10:43:57,267 [7] INFO  RequestLog - http://localhost:51534/api/PubFunction/getMenu
token:Bearer eyJhbGciOiJIUzI1NiIsInR5cCI6IkpXVCJ9.eyJ1bmlxdWVfbmFtZSI6ImFkbWluIiwiSWQiOiIyIiwiVXNlckNvZGUiOiIwMDAwMDAwMiIsIlRlbCI6IjE1Mjg4MTMzMTE2IiwiRGVwdENvZGUiOiJEMDAwMDAyIiwibmJmIjoxNTg1Mjc3MDI5LCJleHAiOjE1ODUyNzg4MjksImlhdCI6MTU4NTI3NzAyOSwiaXNzIjoiWlhZTC5XZWIuQXBpIn0.RtrWi4-30WEYLZTI7bPyRpZSavkoB6FS4U56szyRKIk 
 data:

2020-03-27 10:44:18,788 [5] INFO  RequestLog - http://localhost:51534/api/PubRole/GetList
token:Bearer eyJhbGciOiJIUzI1NiIsInR5cCI6IkpXVCJ9.eyJ1bmlxdWVfbmFtZSI6ImFkbWluIiwiSWQiOiIyIiwiVXNlckNvZGUiOiIwMDAwMDAwMiIsIlRlbCI6IjE1Mjg4MTMzMTE2IiwiRGVwdENvZGUiOiJEMDAwMDAyIiwibmJmIjoxNTg1Mjc3MDI5LCJleHAiOjE1ODUyNzg4MjksImlhdCI6MTU4NTI3NzAyOSwiaXNzIjoiWlhZTC5XZWIuQXBpIn0.RtrWi4-30WEYLZTI7bPyRpZSavkoB6FS4U56szyRKIk 
 data:

2020-03-27 10:44:18,796 [12] INFO  RequestLog - http://localhost:51534/api/PubUser/GetPage
token:Bearer eyJhbGciOiJIUzI1NiIsInR5cCI6IkpXVCJ9.eyJ1bmlxdWVfbmFtZSI6ImFkbWluIiwiSWQiOiIyIiwiVXNlckNvZGUiOiIwMDAwMDAwMiIsIlRlbCI6IjE1Mjg4MTMzMTE2IiwiRGVwdENvZGUiOiJEMDAwMDAyIiwibmJmIjoxNTg1Mjc3MDI5LCJleHAiOjE1ODUyNzg4MjksImlhdCI6MTU4NTI3NzAyOSwiaXNzIjoiWlhZTC5XZWIuQXBpIn0.RtrWi4-30WEYLZTI7bPyRpZSavkoB6FS4U56szyRKIk 
 data:{"pageNum":1,"pageSize":10,"field":"Id","order":"asc","query":{}}

2020-03-27 10:44:35,462 [14] INFO  RequestLog - http://localhost:51534/api/PubRole/GetPage
token:Bearer eyJhbGciOiJIUzI1NiIsInR5cCI6IkpXVCJ9.eyJ1bmlxdWVfbmFtZSI6ImFkbWluIiwiSWQiOiIyIiwiVXNlckNvZGUiOiIwMDAwMDAwMiIsIlRlbCI6IjE1Mjg4MTMzMTE2IiwiRGVwdENvZGUiOiJEMDAwMDAyIiwibmJmIjoxNTg1Mjc3MDI5LCJleHAiOjE1ODUyNzg4MjksImlhdCI6MTU4NTI3NzAyOSwiaXNzIjoiWlhZTC5XZWIuQXBpIn0.RtrWi4-30WEYLZTI7bPyRpZSavkoB6FS4U56szyRKIk 
 data:{"pageNum":1,"pageSize":10,"field":"Id","order":"asc","query":{}}

2020-03-27 10:44:39,292 [14] INFO  RequestLog - http://localhost:51534/api/PubFunction/GetList
token:Bearer eyJhbGciOiJIUzI1NiIsInR5cCI6IkpXVCJ9.eyJ1bmlxdWVfbmFtZSI6ImFkbWluIiwiSWQiOiIyIiwiVXNlckNvZGUiOiIwMDAwMDAwMiIsIlRlbCI6IjE1Mjg4MTMzMTE2IiwiRGVwdENvZGUiOiJEMDAwMDAyIiwibmJmIjoxNTg1Mjc3MDI5LCJleHAiOjE1ODUyNzg4MjksImlhdCI6MTU4NTI3NzAyOSwiaXNzIjoiWlhZTC5XZWIuQXBpIn0.RtrWi4-30WEYLZTI7bPyRpZSavkoB6FS4U56szyRKIk 
 data:

2020-03-27 10:44:39,458 [5] INFO  RequestLog - http://localhost:51534/api/PubFunction/GetList
token:Bearer eyJhbGciOiJIUzI1NiIsInR5cCI6IkpXVCJ9.eyJ1bmlxdWVfbmFtZSI6ImFkbWluIiwiSWQiOiIyIiwiVXNlckNvZGUiOiIwMDAwMDAwMiIsIlRlbCI6IjE1Mjg4MTMzMTE2IiwiRGVwdENvZGUiOiJEMDAwMDAyIiwibmJmIjoxNTg1Mjc3MDI5LCJleHAiOjE1ODUyNzg4MjksImlhdCI6MTU4NTI3NzAyOSwiaXNzIjoiWlhZTC5XZWIuQXBpIn0.RtrWi4-30WEYLZTI7bPyRpZSavkoB6FS4U56szyRKIk 
 data:

2020-03-27 10:44:39,458 [7] INFO  RequestLog - http://localhost:51534/api/PubFunction/GetChildList/
token:Bearer eyJhbGciOiJIUzI1NiIsInR5cCI6IkpXVCJ9.eyJ1bmlxdWVfbmFtZSI6ImFkbWluIiwiSWQiOiIyIiwiVXNlckNvZGUiOiIwMDAwMDAwMiIsIlRlbCI6IjE1Mjg4MTMzMTE2IiwiRGVwdENvZGUiOiJEMDAwMDAyIiwibmJmIjoxNTg1Mjc3MDI5LCJleHAiOjE1ODUyNzg4MjksImlhdCI6MTU4NTI3NzAyOSwiaXNzIjoiWlhZTC5XZWIuQXBpIn0.RtrWi4-30WEYLZTI7bPyRpZSavkoB6FS4U56szyRKIk 
 data:

2020-03-27 10:44:47,651 [5] INFO  RequestLog - http://localhost:51534/api/PubDept/GetList
token:Bearer eyJhbGciOiJIUzI1NiIsInR5cCI6IkpXVCJ9.eyJ1bmlxdWVfbmFtZSI6ImFkbWluIiwiSWQiOiIyIiwiVXNlckNvZGUiOiIwMDAwMDAwMiIsIlRlbCI6IjE1Mjg4MTMzMTE2IiwiRGVwdENvZGUiOiJEMDAwMDAyIiwibmJmIjoxNTg1Mjc3MDI5LCJleHAiOjE1ODUyNzg4MjksImlhdCI6MTU4NTI3NzAyOSwiaXNzIjoiWlhZTC5XZWIuQXBpIn0.RtrWi4-30WEYLZTI7bPyRpZSavkoB6FS4U56szyRKIk 
 data:

2020-03-27 10:44:47,653 [5] INFO  RequestLog - http://localhost:51534/api/PubDept/GetChildList/
token:Bearer eyJhbGciOiJIUzI1NiIsInR5cCI6IkpXVCJ9.eyJ1bmlxdWVfbmFtZSI6ImFkbWluIiwiSWQiOiIyIiwiVXNlckNvZGUiOiIwMDAwMDAwMiIsIlRlbCI6IjE1Mjg4MTMzMTE2IiwiRGVwdENvZGUiOiJEMDAwMDAyIiwibmJmIjoxNTg1Mjc3MDI5LCJleHAiOjE1ODUyNzg4MjksImlhdCI6MTU4NTI3NzAyOSwiaXNzIjoiWlhZTC5XZWIuQXBpIn0.RtrWi4-30WEYLZTI7bPyRpZSavkoB6FS4U56szyRKIk 
 data:

2020-03-27 10:44:47,654 [5] INFO  RequestLog - http://localhost:51534/api/PubDept/GetList
token:Bearer eyJhbGciOiJIUzI1NiIsInR5cCI6IkpXVCJ9.eyJ1bmlxdWVfbmFtZSI6ImFkbWluIiwiSWQiOiIyIiwiVXNlckNvZGUiOiIwMDAwMDAwMiIsIlRlbCI6IjE1Mjg4MTMzMTE2IiwiRGVwdENvZGUiOiJEMDAwMDAyIiwibmJmIjoxNTg1Mjc3MDI5LCJleHAiOjE1ODUyNzg4MjksImlhdCI6MTU4NTI3NzAyOSwiaXNzIjoiWlhZTC5XZWIuQXBpIn0.RtrWi4-30WEYLZTI7bPyRpZSavkoB6FS4U56szyRKIk 
 data:

2020-03-27 10:44:53,945 [14] INFO  RequestLog - http://localhost:51534/api/PubFunction/GetList
token:Bearer eyJhbGciOiJIUzI1NiIsInR5cCI6IkpXVCJ9.eyJ1bmlxdWVfbmFtZSI6ImFkbWluIiwiSWQiOiIyIiwiVXNlckNvZGUiOiIwMDAwMDAwMiIsIlRlbCI6IjE1Mjg4MTMzMTE2IiwiRGVwdENvZGUiOiJEMDAwMDAyIiwibmJmIjoxNTg1Mjc3MDI5LCJleHAiOjE1ODUyNzg4MjksImlhdCI6MTU4NTI3NzAyOSwiaXNzIjoiWlhZTC5XZWIuQXBpIn0.RtrWi4-30WEYLZTI7bPyRpZSavkoB6FS4U56szyRKIk 
 data:

2020-03-27 10:44:53,954 [14] INFO  RequestLog - http://localhost:51534/api/PubFunction/GetChildList/
token:Bearer eyJhbGciOiJIUzI1NiIsInR5cCI6IkpXVCJ9.eyJ1bmlxdWVfbmFtZSI6ImFkbWluIiwiSWQiOiIyIiwiVXNlckNvZGUiOiIwMDAwMDAwMiIsIlRlbCI6IjE1Mjg4MTMzMTE2IiwiRGVwdENvZGUiOiJEMDAwMDAyIiwibmJmIjoxNTg1Mjc3MDI5LCJleHAiOjE1ODUyNzg4MjksImlhdCI6MTU4NTI3NzAyOSwiaXNzIjoiWlhZTC5XZWIuQXBpIn0.RtrWi4-30WEYLZTI7bPyRpZSavkoB6FS4U56szyRKIk 
 data:

2020-03-27 10:44:54,022 [12] INFO  RequestLog - http://localhost:51534/api/PubFunction/GetList
token:Bearer eyJhbGciOiJIUzI1NiIsInR5cCI6IkpXVCJ9.eyJ1bmlxdWVfbmFtZSI6ImFkbWluIiwiSWQiOiIyIiwiVXNlckNvZGUiOiIwMDAwMDAwMiIsIlRlbCI6IjE1Mjg4MTMzMTE2IiwiRGVwdENvZGUiOiJEMDAwMDAyIiwibmJmIjoxNTg1Mjc3MDI5LCJleHAiOjE1ODUyNzg4MjksImlhdCI6MTU4NTI3NzAyOSwiaXNzIjoiWlhZTC5XZWIuQXBpIn0.RtrWi4-30WEYLZTI7bPyRpZSavkoB6FS4U56szyRKIk 
 data:

2020-03-27 10:44:55,651 [12] INFO  RequestLog - http://localhost:51534/api/PubRole/GetPage
token:Bearer eyJhbGciOiJIUzI1NiIsInR5cCI6IkpXVCJ9.eyJ1bmlxdWVfbmFtZSI6ImFkbWluIiwiSWQiOiIyIiwiVXNlckNvZGUiOiIwMDAwMDAwMiIsIlRlbCI6IjE1Mjg4MTMzMTE2IiwiRGVwdENvZGUiOiJEMDAwMDAyIiwibmJmIjoxNTg1Mjc3MDI5LCJleHAiOjE1ODUyNzg4MjksImlhdCI6MTU4NTI3NzAyOSwiaXNzIjoiWlhZTC5XZWIuQXBpIn0.RtrWi4-30WEYLZTI7bPyRpZSavkoB6FS4U56szyRKIk 
 data:{"pageNum":1,"pageSize":10,"field":"Id","order":"asc","query":{}}

2020-03-27 10:46:51,866 [8] INFO  RequestLog - http://localhost:51534/api/PubRole/GetPage
token:Bearer eyJhbGciOiJIUzI1NiIsInR5cCI6IkpXVCJ9.eyJ1bmlxdWVfbmFtZSI6ImFkbWluIiwiSWQiOiIyIiwiVXNlckNvZGUiOiIwMDAwMDAwMiIsIlRlbCI6IjE1Mjg4MTMzMTE2IiwiRGVwdENvZGUiOiJEMDAwMDAyIiwibmJmIjoxNTg1Mjc3MDI5LCJleHAiOjE1ODUyNzg4MjksImlhdCI6MTU4NTI3NzAyOSwiaXNzIjoiWlhZTC5XZWIuQXBpIn0.RtrWi4-30WEYLZTI7bPyRpZSavkoB6FS4U56szyRKIk 
 data:{"pageNum":1,"pageSize":10,"field":"Id","order":"asc","query":{}}

2020-03-27 10:46:53,310 [8] INFO  RequestLog - http://localhost:51534/api/PubFunction/GetList
token:Bearer eyJhbGciOiJIUzI1NiIsInR5cCI6IkpXVCJ9.eyJ1bmlxdWVfbmFtZSI6ImFkbWluIiwiSWQiOiIyIiwiVXNlckNvZGUiOiIwMDAwMDAwMiIsIlRlbCI6IjE1Mjg4MTMzMTE2IiwiRGVwdENvZGUiOiJEMDAwMDAyIiwibmJmIjoxNTg1Mjc3MDI5LCJleHAiOjE1ODUyNzg4MjksImlhdCI6MTU4NTI3NzAyOSwiaXNzIjoiWlhZTC5XZWIuQXBpIn0.RtrWi4-30WEYLZTI7bPyRpZSavkoB6FS4U56szyRKIk 
 data:

2020-03-27 10:46:53,555 [6] INFO  RequestLog - http://localhost:51534/api/PubFunction/GetChildList/
token:Bearer eyJhbGciOiJIUzI1NiIsInR5cCI6IkpXVCJ9.eyJ1bmlxdWVfbmFtZSI6ImFkbWluIiwiSWQiOiIyIiwiVXNlckNvZGUiOiIwMDAwMDAwMiIsIlRlbCI6IjE1Mjg4MTMzMTE2IiwiRGVwdENvZGUiOiJEMDAwMDAyIiwibmJmIjoxNTg1Mjc3MDI5LCJleHAiOjE1ODUyNzg4MjksImlhdCI6MTU4NTI3NzAyOSwiaXNzIjoiWlhZTC5XZWIuQXBpIn0.RtrWi4-30WEYLZTI7bPyRpZSavkoB6FS4U56szyRKIk 
 data:

2020-03-27 10:46:53,955 [6] INFO  RequestLog - http://localhost:51534/api/PubFunction/GetList
token:Bearer eyJhbGciOiJIUzI1NiIsInR5cCI6IkpXVCJ9.eyJ1bmlxdWVfbmFtZSI6ImFkbWluIiwiSWQiOiIyIiwiVXNlckNvZGUiOiIwMDAwMDAwMiIsIlRlbCI6IjE1Mjg4MTMzMTE2IiwiRGVwdENvZGUiOiJEMDAwMDAyIiwibmJmIjoxNTg1Mjc3MDI5LCJleHAiOjE1ODUyNzg4MjksImlhdCI6MTU4NTI3NzAyOSwiaXNzIjoiWlhZTC5XZWIuQXBpIn0.RtrWi4-30WEYLZTI7bPyRpZSavkoB6FS4U56szyRKIk 
 data:

2020-03-27 10:46:54,682 [8] INFO  RequestLog - http://localhost:51534/api/PubDept/GetList
token:Bearer eyJhbGciOiJIUzI1NiIsInR5cCI6IkpXVCJ9.eyJ1bmlxdWVfbmFtZSI6ImFkbWluIiwiSWQiOiIyIiwiVXNlckNvZGUiOiIwMDAwMDAwMiIsIlRlbCI6IjE1Mjg4MTMzMTE2IiwiRGVwdENvZGUiOiJEMDAwMDAyIiwibmJmIjoxNTg1Mjc3MDI5LCJleHAiOjE1ODUyNzg4MjksImlhdCI6MTU4NTI3NzAyOSwiaXNzIjoiWlhZTC5XZWIuQXBpIn0.RtrWi4-30WEYLZTI7bPyRpZSavkoB6FS4U56szyRKIk 
 data:

2020-03-27 10:46:54,696 [8] INFO  RequestLog - http://localhost:51534/api/PubDept/GetList
token:Bearer eyJhbGciOiJIUzI1NiIsInR5cCI6IkpXVCJ9.eyJ1bmlxdWVfbmFtZSI6ImFkbWluIiwiSWQiOiIyIiwiVXNlckNvZGUiOiIwMDAwMDAwMiIsIlRlbCI6IjE1Mjg4MTMzMTE2IiwiRGVwdENvZGUiOiJEMDAwMDAyIiwibmJmIjoxNTg1Mjc3MDI5LCJleHAiOjE1ODUyNzg4MjksImlhdCI6MTU4NTI3NzAyOSwiaXNzIjoiWlhZTC5XZWIuQXBpIn0.RtrWi4-30WEYLZTI7bPyRpZSavkoB6FS4U56szyRKIk 
 data:

2020-03-27 10:46:54,741 [10] INFO  RequestLog - http://localhost:51534/api/PubDept/GetChildList/
token:Bearer eyJhbGciOiJIUzI1NiIsInR5cCI6IkpXVCJ9.eyJ1bmlxdWVfbmFtZSI6ImFkbWluIiwiSWQiOiIyIiwiVXNlckNvZGUiOiIwMDAwMDAwMiIsIlRlbCI6IjE1Mjg4MTMzMTE2IiwiRGVwdENvZGUiOiJEMDAwMDAyIiwibmJmIjoxNTg1Mjc3MDI5LCJleHAiOjE1ODUyNzg4MjksImlhdCI6MTU4NTI3NzAyOSwiaXNzIjoiWlhZTC5XZWIuQXBpIn0.RtrWi4-30WEYLZTI7bPyRpZSavkoB6FS4U56szyRKIk 
 data:

2020-03-27 10:46:56,050 [6] INFO  RequestLog - http://localhost:51534/api/PubFunction/GetList
token:Bearer eyJhbGciOiJIUzI1NiIsInR5cCI6IkpXVCJ9.eyJ1bmlxdWVfbmFtZSI6ImFkbWluIiwiSWQiOiIyIiwiVXNlckNvZGUiOiIwMDAwMDAwMiIsIlRlbCI6IjE1Mjg4MTMzMTE2IiwiRGVwdENvZGUiOiJEMDAwMDAyIiwibmJmIjoxNTg1Mjc3MDI5LCJleHAiOjE1ODUyNzg4MjksImlhdCI6MTU4NTI3NzAyOSwiaXNzIjoiWlhZTC5XZWIuQXBpIn0.RtrWi4-30WEYLZTI7bPyRpZSavkoB6FS4U56szyRKIk 
 data:

2020-03-27 10:46:56,055 [10] INFO  RequestLog - http://localhost:51534/api/PubFunction/GetList
token:Bearer eyJhbGciOiJIUzI1NiIsInR5cCI6IkpXVCJ9.eyJ1bmlxdWVfbmFtZSI6ImFkbWluIiwiSWQiOiIyIiwiVXNlckNvZGUiOiIwMDAwMDAwMiIsIlRlbCI6IjE1Mjg4MTMzMTE2IiwiRGVwdENvZGUiOiJEMDAwMDAyIiwibmJmIjoxNTg1Mjc3MDI5LCJleHAiOjE1ODUyNzg4MjksImlhdCI6MTU4NTI3NzAyOSwiaXNzIjoiWlhZTC5XZWIuQXBpIn0.RtrWi4-30WEYLZTI7bPyRpZSavkoB6FS4U56szyRKIk 
 data:

2020-03-27 10:46:56,058 [10] INFO  RequestLog - http://localhost:51534/api/PubFunction/GetChildList/
token:Bearer eyJhbGciOiJIUzI1NiIsInR5cCI6IkpXVCJ9.eyJ1bmlxdWVfbmFtZSI6ImFkbWluIiwiSWQiOiIyIiwiVXNlckNvZGUiOiIwMDAwMDAwMiIsIlRlbCI6IjE1Mjg4MTMzMTE2IiwiRGVwdENvZGUiOiJEMDAwMDAyIiwibmJmIjoxNTg1Mjc3MDI5LCJleHAiOjE1ODUyNzg4MjksImlhdCI6MTU4NTI3NzAyOSwiaXNzIjoiWlhZTC5XZWIuQXBpIn0.RtrWi4-30WEYLZTI7bPyRpZSavkoB6FS4U56szyRKIk 
 data:

2020-03-27 10:46:57,731 [7] INFO  RequestLog - http://localhost:51534/api/PubRole/GetPage
token:Bearer eyJhbGciOiJIUzI1NiIsInR5cCI6IkpXVCJ9.eyJ1bmlxdWVfbmFtZSI6ImFkbWluIiwiSWQiOiIyIiwiVXNlckNvZGUiOiIwMDAwMDAwMiIsIlRlbCI6IjE1Mjg4MTMzMTE2IiwiRGVwdENvZGUiOiJEMDAwMDAyIiwibmJmIjoxNTg1Mjc3MDI5LCJleHAiOjE1ODUyNzg4MjksImlhdCI6MTU4NTI3NzAyOSwiaXNzIjoiWlhZTC5XZWIuQXBpIn0.RtrWi4-30WEYLZTI7bPyRpZSavkoB6FS4U56szyRKIk 
 data:{"pageNum":1,"pageSize":10,"field":"Id","order":"asc","query":{}}

2020-03-27 10:47:14,421 [5] INFO  RequestLog - http://localhost:51534/api/PubRole/GetList
token:Bearer eyJhbGciOiJIUzI1NiIsInR5cCI6IkpXVCJ9.eyJ1bmlxdWVfbmFtZSI6ImFkbWluIiwiSWQiOiIyIiwiVXNlckNvZGUiOiIwMDAwMDAwMiIsIlRlbCI6IjE1Mjg4MTMzMTE2IiwiRGVwdENvZGUiOiJEMDAwMDAyIiwibmJmIjoxNTg1Mjc3MDI5LCJleHAiOjE1ODUyNzg4MjksImlhdCI6MTU4NTI3NzAyOSwiaXNzIjoiWlhZTC5XZWIuQXBpIn0.RtrWi4-30WEYLZTI7bPyRpZSavkoB6FS4U56szyRKIk 
 data:

2020-03-27 10:47:14,448 [8] INFO  RequestLog - http://localhost:51534/api/PubUser/GetPage
token:Bearer eyJhbGciOiJIUzI1NiIsInR5cCI6IkpXVCJ9.eyJ1bmlxdWVfbmFtZSI6ImFkbWluIiwiSWQiOiIyIiwiVXNlckNvZGUiOiIwMDAwMDAwMiIsIlRlbCI6IjE1Mjg4MTMzMTE2IiwiRGVwdENvZGUiOiJEMDAwMDAyIiwibmJmIjoxNTg1Mjc3MDI5LCJleHAiOjE1ODUyNzg4MjksImlhdCI6MTU4NTI3NzAyOSwiaXNzIjoiWlhZTC5XZWIuQXBpIn0.RtrWi4-30WEYLZTI7bPyRpZSavkoB6FS4U56szyRKIk 
 data:{"pageNum":1,"pageSize":10,"field":"Id","order":"asc","query":{}}

2020-03-27 10:47:16,921 [10] INFO  RequestLog - http://localhost:51534/api/PubUser/GetFunctions/undefined
token:Bearer eyJhbGciOiJIUzI1NiIsInR5cCI6IkpXVCJ9.eyJ1bmlxdWVfbmFtZSI6ImFkbWluIiwiSWQiOiIyIiwiVXNlckNvZGUiOiIwMDAwMDAwMiIsIlRlbCI6IjE1Mjg4MTMzMTE2IiwiRGVwdENvZGUiOiJEMDAwMDAyIiwibmJmIjoxNTg1Mjc3MDI5LCJleHAiOjE1ODUyNzg4MjksImlhdCI6MTU4NTI3NzAyOSwiaXNzIjoiWlhZTC5XZWIuQXBpIn0.RtrWi4-30WEYLZTI7bPyRpZSavkoB6FS4U56szyRKIk 
 data:

2020-03-27 10:47:17,078 [8] INFO  RequestLog - http://localhost:51534/api/PubFunction/GetList
token:Bearer eyJhbGciOiJIUzI1NiIsInR5cCI6IkpXVCJ9.eyJ1bmlxdWVfbmFtZSI6ImFkbWluIiwiSWQiOiIyIiwiVXNlckNvZGUiOiIwMDAwMDAwMiIsIlRlbCI6IjE1Mjg4MTMzMTE2IiwiRGVwdENvZGUiOiJEMDAwMDAyIiwibmJmIjoxNTg1Mjc3MDI5LCJleHAiOjE1ODUyNzg4MjksImlhdCI6MTU4NTI3NzAyOSwiaXNzIjoiWlhZTC5XZWIuQXBpIn0.RtrWi4-30WEYLZTI7bPyRpZSavkoB6FS4U56szyRKIk 
 data:

2020-03-27 10:47:21,004 [8] INFO  RequestLog - http://localhost:51534/api/PubRole/GetPage
token:Bearer eyJhbGciOiJIUzI1NiIsInR5cCI6IkpXVCJ9.eyJ1bmlxdWVfbmFtZSI6ImFkbWluIiwiSWQiOiIyIiwiVXNlckNvZGUiOiIwMDAwMDAwMiIsIlRlbCI6IjE1Mjg4MTMzMTE2IiwiRGVwdENvZGUiOiJEMDAwMDAyIiwibmJmIjoxNTg1Mjc3MDI5LCJleHAiOjE1ODUyNzg4MjksImlhdCI6MTU4NTI3NzAyOSwiaXNzIjoiWlhZTC5XZWIuQXBpIn0.RtrWi4-30WEYLZTI7bPyRpZSavkoB6FS4U56szyRKIk 
 data:{"pageNum":1,"pageSize":10,"field":"Id","order":"asc","query":{}}

2020-03-27 10:47:25,401 [8] INFO  RequestLog - http://localhost:51534/api/PubRole/GetFunctions/RC000001
token:Bearer eyJhbGciOiJIUzI1NiIsInR5cCI6IkpXVCJ9.eyJ1bmlxdWVfbmFtZSI6ImFkbWluIiwiSWQiOiIyIiwiVXNlckNvZGUiOiIwMDAwMDAwMiIsIlRlbCI6IjE1Mjg4MTMzMTE2IiwiRGVwdENvZGUiOiJEMDAwMDAyIiwibmJmIjoxNTg1Mjc3MDI5LCJleHAiOjE1ODUyNzg4MjksImlhdCI6MTU4NTI3NzAyOSwiaXNzIjoiWlhZTC5XZWIuQXBpIn0.RtrWi4-30WEYLZTI7bPyRpZSavkoB6FS4U56szyRKIk 
 data:

2020-03-27 10:47:25,540 [8] INFO  RequestLog - http://localhost:51534/api/PubFunction/GetList
token:Bearer eyJhbGciOiJIUzI1NiIsInR5cCI6IkpXVCJ9.eyJ1bmlxdWVfbmFtZSI6ImFkbWluIiwiSWQiOiIyIiwiVXNlckNvZGUiOiIwMDAwMDAwMiIsIlRlbCI6IjE1Mjg4MTMzMTE2IiwiRGVwdENvZGUiOiJEMDAwMDAyIiwibmJmIjoxNTg1Mjc3MDI5LCJleHAiOjE1ODUyNzg4MjksImlhdCI6MTU4NTI3NzAyOSwiaXNzIjoiWlhZTC5XZWIuQXBpIn0.RtrWi4-30WEYLZTI7bPyRpZSavkoB6FS4U56szyRKIk 
 data:

2020-03-27 10:47:32,040 [5] INFO  RequestLog - http://localhost:51534/api/PubFunction/GetChildList/
token:Bearer eyJhbGciOiJIUzI1NiIsInR5cCI6IkpXVCJ9.eyJ1bmlxdWVfbmFtZSI6ImFkbWluIiwiSWQiOiIyIiwiVXNlckNvZGUiOiIwMDAwMDAwMiIsIlRlbCI6IjE1Mjg4MTMzMTE2IiwiRGVwdENvZGUiOiJEMDAwMDAyIiwibmJmIjoxNTg1Mjc3MDI5LCJleHAiOjE1ODUyNzg4MjksImlhdCI6MTU4NTI3NzAyOSwiaXNzIjoiWlhZTC5XZWIuQXBpIn0.RtrWi4-30WEYLZTI7bPyRpZSavkoB6FS4U56szyRKIk 
 data:

2020-03-27 10:47:32,048 [11] INFO  RequestLog - http://localhost:51534/api/PubFunction/GetList
token:Bearer eyJhbGciOiJIUzI1NiIsInR5cCI6IkpXVCJ9.eyJ1bmlxdWVfbmFtZSI6ImFkbWluIiwiSWQiOiIyIiwiVXNlckNvZGUiOiIwMDAwMDAwMiIsIlRlbCI6IjE1Mjg4MTMzMTE2IiwiRGVwdENvZGUiOiJEMDAwMDAyIiwibmJmIjoxNTg1Mjc3MDI5LCJleHAiOjE1ODUyNzg4MjksImlhdCI6MTU4NTI3NzAyOSwiaXNzIjoiWlhZTC5XZWIuQXBpIn0.RtrWi4-30WEYLZTI7bPyRpZSavkoB6FS4U56szyRKIk 
 data:

2020-03-27 10:47:32,066 [11] INFO  RequestLog - http://localhost:51534/api/PubFunction/GetList
token:Bearer eyJhbGciOiJIUzI1NiIsInR5cCI6IkpXVCJ9.eyJ1bmlxdWVfbmFtZSI6ImFkbWluIiwiSWQiOiIyIiwiVXNlckNvZGUiOiIwMDAwMDAwMiIsIlRlbCI6IjE1Mjg4MTMzMTE2IiwiRGVwdENvZGUiOiJEMDAwMDAyIiwibmJmIjoxNTg1Mjc3MDI5LCJleHAiOjE1ODUyNzg4MjksImlhdCI6MTU4NTI3NzAyOSwiaXNzIjoiWlhZTC5XZWIuQXBpIn0.RtrWi4-30WEYLZTI7bPyRpZSavkoB6FS4U56szyRKIk 
 data:

2020-03-27 10:47:33,614 [8] INFO  RequestLog - http://localhost:51534/api/PubDept/GetChildList/
token:Bearer eyJhbGciOiJIUzI1NiIsInR5cCI6IkpXVCJ9.eyJ1bmlxdWVfbmFtZSI6ImFkbWluIiwiSWQiOiIyIiwiVXNlckNvZGUiOiIwMDAwMDAwMiIsIlRlbCI6IjE1Mjg4MTMzMTE2IiwiRGVwdENvZGUiOiJEMDAwMDAyIiwibmJmIjoxNTg1Mjc3MDI5LCJleHAiOjE1ODUyNzg4MjksImlhdCI6MTU4NTI3NzAyOSwiaXNzIjoiWlhZTC5XZWIuQXBpIn0.RtrWi4-30WEYLZTI7bPyRpZSavkoB6FS4U56szyRKIk 
 data:

2020-03-27 10:47:33,625 [11] INFO  RequestLog - http://localhost:51534/api/PubDept/GetList
token:Bearer eyJhbGciOiJIUzI1NiIsInR5cCI6IkpXVCJ9.eyJ1bmlxdWVfbmFtZSI6ImFkbWluIiwiSWQiOiIyIiwiVXNlckNvZGUiOiIwMDAwMDAwMiIsIlRlbCI6IjE1Mjg4MTMzMTE2IiwiRGVwdENvZGUiOiJEMDAwMDAyIiwibmJmIjoxNTg1Mjc3MDI5LCJleHAiOjE1ODUyNzg4MjksImlhdCI6MTU4NTI3NzAyOSwiaXNzIjoiWlhZTC5XZWIuQXBpIn0.RtrWi4-30WEYLZTI7bPyRpZSavkoB6FS4U56szyRKIk 
 data:

2020-03-27 10:47:33,626 [11] INFO  RequestLog - http://localhost:51534/api/PubDept/GetList
token:Bearer eyJhbGciOiJIUzI1NiIsInR5cCI6IkpXVCJ9.eyJ1bmlxdWVfbmFtZSI6ImFkbWluIiwiSWQiOiIyIiwiVXNlckNvZGUiOiIwMDAwMDAwMiIsIlRlbCI6IjE1Mjg4MTMzMTE2IiwiRGVwdENvZGUiOiJEMDAwMDAyIiwibmJmIjoxNTg1Mjc3MDI5LCJleHAiOjE1ODUyNzg4MjksImlhdCI6MTU4NTI3NzAyOSwiaXNzIjoiWlhZTC5XZWIuQXBpIn0.RtrWi4-30WEYLZTI7bPyRpZSavkoB6FS4U56szyRKIk 
 data:

2020-03-27 10:47:38,347 [10] INFO  RequestLog - http://localhost:51534/api/PubFunction/GetList
token:Bearer eyJhbGciOiJIUzI1NiIsInR5cCI6IkpXVCJ9.eyJ1bmlxdWVfbmFtZSI6ImFkbWluIiwiSWQiOiIyIiwiVXNlckNvZGUiOiIwMDAwMDAwMiIsIlRlbCI6IjE1Mjg4MTMzMTE2IiwiRGVwdENvZGUiOiJEMDAwMDAyIiwibmJmIjoxNTg1Mjc3MDI5LCJleHAiOjE1ODUyNzg4MjksImlhdCI6MTU4NTI3NzAyOSwiaXNzIjoiWlhZTC5XZWIuQXBpIn0.RtrWi4-30WEYLZTI7bPyRpZSavkoB6FS4U56szyRKIk 
 data:

2020-03-27 10:47:38,370 [11] INFO  RequestLog - http://localhost:51534/api/PubFunction/GetList
token:Bearer eyJhbGciOiJIUzI1NiIsInR5cCI6IkpXVCJ9.eyJ1bmlxdWVfbmFtZSI6ImFkbWluIiwiSWQiOiIyIiwiVXNlckNvZGUiOiIwMDAwMDAwMiIsIlRlbCI6IjE1Mjg4MTMzMTE2IiwiRGVwdENvZGUiOiJEMDAwMDAyIiwibmJmIjoxNTg1Mjc3MDI5LCJleHAiOjE1ODUyNzg4MjksImlhdCI6MTU4NTI3NzAyOSwiaXNzIjoiWlhZTC5XZWIuQXBpIn0.RtrWi4-30WEYLZTI7bPyRpZSavkoB6FS4U56szyRKIk 
 data:

2020-03-27 10:47:38,387 [10] INFO  RequestLog - http://localhost:51534/api/PubFunction/GetChildList/
token:Bearer eyJhbGciOiJIUzI1NiIsInR5cCI6IkpXVCJ9.eyJ1bmlxdWVfbmFtZSI6ImFkbWluIiwiSWQiOiIyIiwiVXNlckNvZGUiOiIwMDAwMDAwMiIsIlRlbCI6IjE1Mjg4MTMzMTE2IiwiRGVwdENvZGUiOiJEMDAwMDAyIiwibmJmIjoxNTg1Mjc3MDI5LCJleHAiOjE1ODUyNzg4MjksImlhdCI6MTU4NTI3NzAyOSwiaXNzIjoiWlhZTC5XZWIuQXBpIn0.RtrWi4-30WEYLZTI7bPyRpZSavkoB6FS4U56szyRKIk 
 data:

2020-03-27 10:47:39,822 [11] INFO  RequestLog - http://localhost:51534/api/PubDept/GetChildList/
token:Bearer eyJhbGciOiJIUzI1NiIsInR5cCI6IkpXVCJ9.eyJ1bmlxdWVfbmFtZSI6ImFkbWluIiwiSWQiOiIyIiwiVXNlckNvZGUiOiIwMDAwMDAwMiIsIlRlbCI6IjE1Mjg4MTMzMTE2IiwiRGVwdENvZGUiOiJEMDAwMDAyIiwibmJmIjoxNTg1Mjc3MDI5LCJleHAiOjE1ODUyNzg4MjksImlhdCI6MTU4NTI3NzAyOSwiaXNzIjoiWlhZTC5XZWIuQXBpIn0.RtrWi4-30WEYLZTI7bPyRpZSavkoB6FS4U56szyRKIk 
 data:

2020-03-27 10:47:39,822 [11] INFO  RequestLog - http://localhost:51534/api/PubDept/GetList
token:Bearer eyJhbGciOiJIUzI1NiIsInR5cCI6IkpXVCJ9.eyJ1bmlxdWVfbmFtZSI6ImFkbWluIiwiSWQiOiIyIiwiVXNlckNvZGUiOiIwMDAwMDAwMiIsIlRlbCI6IjE1Mjg4MTMzMTE2IiwiRGVwdENvZGUiOiJEMDAwMDAyIiwibmJmIjoxNTg1Mjc3MDI5LCJleHAiOjE1ODUyNzg4MjksImlhdCI6MTU4NTI3NzAyOSwiaXNzIjoiWlhZTC5XZWIuQXBpIn0.RtrWi4-30WEYLZTI7bPyRpZSavkoB6FS4U56szyRKIk 
 data:

2020-03-27 10:47:39,825 [11] INFO  RequestLog - http://localhost:51534/api/PubDept/GetList
token:Bearer eyJhbGciOiJIUzI1NiIsInR5cCI6IkpXVCJ9.eyJ1bmlxdWVfbmFtZSI6ImFkbWluIiwiSWQiOiIyIiwiVXNlckNvZGUiOiIwMDAwMDAwMiIsIlRlbCI6IjE1Mjg4MTMzMTE2IiwiRGVwdENvZGUiOiJEMDAwMDAyIiwibmJmIjoxNTg1Mjc3MDI5LCJleHAiOjE1ODUyNzg4MjksImlhdCI6MTU4NTI3NzAyOSwiaXNzIjoiWlhZTC5XZWIuQXBpIn0.RtrWi4-30WEYLZTI7bPyRpZSavkoB6FS4U56szyRKIk 
 data:

2020-03-27 10:47:42,062 [11] INFO  RequestLog - http://localhost:51534/api/PubFunction/GetList
token:Bearer eyJhbGciOiJIUzI1NiIsInR5cCI6IkpXVCJ9.eyJ1bmlxdWVfbmFtZSI6ImFkbWluIiwiSWQiOiIyIiwiVXNlckNvZGUiOiIwMDAwMDAwMiIsIlRlbCI6IjE1Mjg4MTMzMTE2IiwiRGVwdENvZGUiOiJEMDAwMDAyIiwibmJmIjoxNTg1Mjc3MDI5LCJleHAiOjE1ODUyNzg4MjksImlhdCI6MTU4NTI3NzAyOSwiaXNzIjoiWlhZTC5XZWIuQXBpIn0.RtrWi4-30WEYLZTI7bPyRpZSavkoB6FS4U56szyRKIk 
 data:

2020-03-27 10:47:42,065 [10] INFO  RequestLog - http://localhost:51534/api/PubFunction/GetList
token:Bearer eyJhbGciOiJIUzI1NiIsInR5cCI6IkpXVCJ9.eyJ1bmlxdWVfbmFtZSI6ImFkbWluIiwiSWQiOiIyIiwiVXNlckNvZGUiOiIwMDAwMDAwMiIsIlRlbCI6IjE1Mjg4MTMzMTE2IiwiRGVwdENvZGUiOiJEMDAwMDAyIiwibmJmIjoxNTg1Mjc3MDI5LCJleHAiOjE1ODUyNzg4MjksImlhdCI6MTU4NTI3NzAyOSwiaXNzIjoiWlhZTC5XZWIuQXBpIn0.RtrWi4-30WEYLZTI7bPyRpZSavkoB6FS4U56szyRKIk 
 data:

2020-03-27 10:47:42,105 [8] INFO  RequestLog - http://localhost:51534/api/PubFunction/GetChildList/
token:Bearer eyJhbGciOiJIUzI1NiIsInR5cCI6IkpXVCJ9.eyJ1bmlxdWVfbmFtZSI6ImFkbWluIiwiSWQiOiIyIiwiVXNlckNvZGUiOiIwMDAwMDAwMiIsIlRlbCI6IjE1Mjg4MTMzMTE2IiwiRGVwdENvZGUiOiJEMDAwMDAyIiwibmJmIjoxNTg1Mjc3MDI5LCJleHAiOjE1ODUyNzg4MjksImlhdCI6MTU4NTI3NzAyOSwiaXNzIjoiWlhZTC5XZWIuQXBpIn0.RtrWi4-30WEYLZTI7bPyRpZSavkoB6FS4U56szyRKIk 
 data:

2020-03-27 10:47:44,533 [11] INFO  RequestLog - http://localhost:51534/api/PubDept/GetList
token:Bearer eyJhbGciOiJIUzI1NiIsInR5cCI6IkpXVCJ9.eyJ1bmlxdWVfbmFtZSI6ImFkbWluIiwiSWQiOiIyIiwiVXNlckNvZGUiOiIwMDAwMDAwMiIsIlRlbCI6IjE1Mjg4MTMzMTE2IiwiRGVwdENvZGUiOiJEMDAwMDAyIiwibmJmIjoxNTg1Mjc3MDI5LCJleHAiOjE1ODUyNzg4MjksImlhdCI6MTU4NTI3NzAyOSwiaXNzIjoiWlhZTC5XZWIuQXBpIn0.RtrWi4-30WEYLZTI7bPyRpZSavkoB6FS4U56szyRKIk 
 data:

2020-03-27 10:47:44,538 [7] INFO  RequestLog - http://localhost:51534/api/PubDept/GetList
token:Bearer eyJhbGciOiJIUzI1NiIsInR5cCI6IkpXVCJ9.eyJ1bmlxdWVfbmFtZSI6ImFkbWluIiwiSWQiOiIyIiwiVXNlckNvZGUiOiIwMDAwMDAwMiIsIlRlbCI6IjE1Mjg4MTMzMTE2IiwiRGVwdENvZGUiOiJEMDAwMDAyIiwibmJmIjoxNTg1Mjc3MDI5LCJleHAiOjE1ODUyNzg4MjksImlhdCI6MTU4NTI3NzAyOSwiaXNzIjoiWlhZTC5XZWIuQXBpIn0.RtrWi4-30WEYLZTI7bPyRpZSavkoB6FS4U56szyRKIk 
 data:

2020-03-27 10:47:44,550 [13] INFO  RequestLog - http://localhost:51534/api/PubDept/GetChildList/
token:Bearer eyJhbGciOiJIUzI1NiIsInR5cCI6IkpXVCJ9.eyJ1bmlxdWVfbmFtZSI6ImFkbWluIiwiSWQiOiIyIiwiVXNlckNvZGUiOiIwMDAwMDAwMiIsIlRlbCI6IjE1Mjg4MTMzMTE2IiwiRGVwdENvZGUiOiJEMDAwMDAyIiwibmJmIjoxNTg1Mjc3MDI5LCJleHAiOjE1ODUyNzg4MjksImlhdCI6MTU4NTI3NzAyOSwiaXNzIjoiWlhZTC5XZWIuQXBpIn0.RtrWi4-30WEYLZTI7bPyRpZSavkoB6FS4U56szyRKIk 
 data:

2020-03-27 10:47:46,642 [13] INFO  RequestLog - http://localhost:51534/api/PubFunction/GetList
token:Bearer eyJhbGciOiJIUzI1NiIsInR5cCI6IkpXVCJ9.eyJ1bmlxdWVfbmFtZSI6ImFkbWluIiwiSWQiOiIyIiwiVXNlckNvZGUiOiIwMDAwMDAwMiIsIlRlbCI6IjE1Mjg4MTMzMTE2IiwiRGVwdENvZGUiOiJEMDAwMDAyIiwibmJmIjoxNTg1Mjc3MDI5LCJleHAiOjE1ODUyNzg4MjksImlhdCI6MTU4NTI3NzAyOSwiaXNzIjoiWlhZTC5XZWIuQXBpIn0.RtrWi4-30WEYLZTI7bPyRpZSavkoB6FS4U56szyRKIk 
 data:

2020-03-27 10:47:46,645 [13] INFO  RequestLog - http://localhost:51534/api/PubFunction/GetChildList/
token:Bearer eyJhbGciOiJIUzI1NiIsInR5cCI6IkpXVCJ9.eyJ1bmlxdWVfbmFtZSI6ImFkbWluIiwiSWQiOiIyIiwiVXNlckNvZGUiOiIwMDAwMDAwMiIsIlRlbCI6IjE1Mjg4MTMzMTE2IiwiRGVwdENvZGUiOiJEMDAwMDAyIiwibmJmIjoxNTg1Mjc3MDI5LCJleHAiOjE1ODUyNzg4MjksImlhdCI6MTU4NTI3NzAyOSwiaXNzIjoiWlhZTC5XZWIuQXBpIn0.RtrWi4-30WEYLZTI7bPyRpZSavkoB6FS4U56szyRKIk 
 data:

2020-03-27 10:47:46,653 [7] INFO  RequestLog - http://localhost:51534/api/PubFunction/GetList
token:Bearer eyJhbGciOiJIUzI1NiIsInR5cCI6IkpXVCJ9.eyJ1bmlxdWVfbmFtZSI6ImFkbWluIiwiSWQiOiIyIiwiVXNlckNvZGUiOiIwMDAwMDAwMiIsIlRlbCI6IjE1Mjg4MTMzMTE2IiwiRGVwdENvZGUiOiJEMDAwMDAyIiwibmJmIjoxNTg1Mjc3MDI5LCJleHAiOjE1ODUyNzg4MjksImlhdCI6MTU4NTI3NzAyOSwiaXNzIjoiWlhZTC5XZWIuQXBpIn0.RtrWi4-30WEYLZTI7bPyRpZSavkoB6FS4U56szyRKIk 
 data:

2020-03-27 10:47:49,226 [5] INFO  RequestLog - http://localhost:51534/api/PubDept/GetList
token:Bearer eyJhbGciOiJIUzI1NiIsInR5cCI6IkpXVCJ9.eyJ1bmlxdWVfbmFtZSI6ImFkbWluIiwiSWQiOiIyIiwiVXNlckNvZGUiOiIwMDAwMDAwMiIsIlRlbCI6IjE1Mjg4MTMzMTE2IiwiRGVwdENvZGUiOiJEMDAwMDAyIiwibmJmIjoxNTg1Mjc3MDI5LCJleHAiOjE1ODUyNzg4MjksImlhdCI6MTU4NTI3NzAyOSwiaXNzIjoiWlhZTC5XZWIuQXBpIn0.RtrWi4-30WEYLZTI7bPyRpZSavkoB6FS4U56szyRKIk 
 data:

2020-03-27 10:47:49,228 [8] INFO  RequestLog - http://localhost:51534/api/PubDept/GetChildList/
token:Bearer eyJhbGciOiJIUzI1NiIsInR5cCI6IkpXVCJ9.eyJ1bmlxdWVfbmFtZSI6ImFkbWluIiwiSWQiOiIyIiwiVXNlckNvZGUiOiIwMDAwMDAwMiIsIlRlbCI6IjE1Mjg4MTMzMTE2IiwiRGVwdENvZGUiOiJEMDAwMDAyIiwibmJmIjoxNTg1Mjc3MDI5LCJleHAiOjE1ODUyNzg4MjksImlhdCI6MTU4NTI3NzAyOSwiaXNzIjoiWlhZTC5XZWIuQXBpIn0.RtrWi4-30WEYLZTI7bPyRpZSavkoB6FS4U56szyRKIk 
 data:

2020-03-27 10:47:49,242 [12] INFO  RequestLog - http://localhost:51534/api/PubDept/GetList
token:Bearer eyJhbGciOiJIUzI1NiIsInR5cCI6IkpXVCJ9.eyJ1bmlxdWVfbmFtZSI6ImFkbWluIiwiSWQiOiIyIiwiVXNlckNvZGUiOiIwMDAwMDAwMiIsIlRlbCI6IjE1Mjg4MTMzMTE2IiwiRGVwdENvZGUiOiJEMDAwMDAyIiwibmJmIjoxNTg1Mjc3MDI5LCJleHAiOjE1ODUyNzg4MjksImlhdCI6MTU4NTI3NzAyOSwiaXNzIjoiWlhZTC5XZWIuQXBpIn0.RtrWi4-30WEYLZTI7bPyRpZSavkoB6FS4U56szyRKIk 
 data:

2020-03-27 10:47:50,817 [7] INFO  RequestLog - http://localhost:51534/api/PubFunction/GetList
token:Bearer eyJhbGciOiJIUzI1NiIsInR5cCI6IkpXVCJ9.eyJ1bmlxdWVfbmFtZSI6ImFkbWluIiwiSWQiOiIyIiwiVXNlckNvZGUiOiIwMDAwMDAwMiIsIlRlbCI6IjE1Mjg4MTMzMTE2IiwiRGVwdENvZGUiOiJEMDAwMDAyIiwibmJmIjoxNTg1Mjc3MDI5LCJleHAiOjE1ODUyNzg4MjksImlhdCI6MTU4NTI3NzAyOSwiaXNzIjoiWlhZTC5XZWIuQXBpIn0.RtrWi4-30WEYLZTI7bPyRpZSavkoB6FS4U56szyRKIk 
 data:

2020-03-27 10:47:50,826 [11] INFO  RequestLog - http://localhost:51534/api/PubFunction/GetList
token:Bearer eyJhbGciOiJIUzI1NiIsInR5cCI6IkpXVCJ9.eyJ1bmlxdWVfbmFtZSI6ImFkbWluIiwiSWQiOiIyIiwiVXNlckNvZGUiOiIwMDAwMDAwMiIsIlRlbCI6IjE1Mjg4MTMzMTE2IiwiRGVwdENvZGUiOiJEMDAwMDAyIiwibmJmIjoxNTg1Mjc3MDI5LCJleHAiOjE1ODUyNzg4MjksImlhdCI6MTU4NTI3NzAyOSwiaXNzIjoiWlhZTC5XZWIuQXBpIn0.RtrWi4-30WEYLZTI7bPyRpZSavkoB6FS4U56szyRKIk 
 data:

2020-03-27 10:47:50,829 [11] INFO  RequestLog - http://localhost:51534/api/PubFunction/GetChildList/
token:Bearer eyJhbGciOiJIUzI1NiIsInR5cCI6IkpXVCJ9.eyJ1bmlxdWVfbmFtZSI6ImFkbWluIiwiSWQiOiIyIiwiVXNlckNvZGUiOiIwMDAwMDAwMiIsIlRlbCI6IjE1Mjg4MTMzMTE2IiwiRGVwdENvZGUiOiJEMDAwMDAyIiwibmJmIjoxNTg1Mjc3MDI5LCJleHAiOjE1ODUyNzg4MjksImlhdCI6MTU4NTI3NzAyOSwiaXNzIjoiWlhZTC5XZWIuQXBpIn0.RtrWi4-30WEYLZTI7bPyRpZSavkoB6FS4U56szyRKIk 
 data:

2020-03-27 10:48:41,555 [14] INFO  RequestLog - http://localhost:51534/api/PubRole/GetPage
token:Bearer eyJhbGciOiJIUzI1NiIsInR5cCI6IkpXVCJ9.eyJ1bmlxdWVfbmFtZSI6ImFkbWluIiwiSWQiOiIyIiwiVXNlckNvZGUiOiIwMDAwMDAwMiIsIlRlbCI6IjE1Mjg4MTMzMTE2IiwiRGVwdENvZGUiOiJEMDAwMDAyIiwibmJmIjoxNTg1Mjc3MDI5LCJleHAiOjE1ODUyNzg4MjksImlhdCI6MTU4NTI3NzAyOSwiaXNzIjoiWlhZTC5XZWIuQXBpIn0.RtrWi4-30WEYLZTI7bPyRpZSavkoB6FS4U56szyRKIk 
 data:{"pageNum":1,"pageSize":10,"field":"Id","order":"asc","query":{}}

2020-03-27 10:55:02,135 [25] INFO  RequestLog - http://localhost:51534/api/PubUser/GetAccess
token:Bearer eyJhbGciOiJIUzI1NiIsInR5cCI6IkpXVCJ9.eyJ1bmlxdWVfbmFtZSI6ImFkbWluIiwiSWQiOiIyIiwiVXNlckNvZGUiOiIwMDAwMDAwMiIsIlRlbCI6IjE1Mjg4MTMzMTE2IiwiRGVwdENvZGUiOiJEMDAwMDAyIiwibmJmIjoxNTg1Mjc3MDI5LCJleHAiOjE1ODUyNzg4MjksImlhdCI6MTU4NTI3NzAyOSwiaXNzIjoiWlhZTC5XZWIuQXBpIn0.RtrWi4-30WEYLZTI7bPyRpZSavkoB6FS4U56szyRKIk 
 data:

2020-03-27 10:55:02,719 [27] INFO  RequestLog - http://localhost:51534/api/PubFunction/getMenu
token:Bearer eyJhbGciOiJIUzI1NiIsInR5cCI6IkpXVCJ9.eyJ1bmlxdWVfbmFtZSI6ImFkbWluIiwiSWQiOiIyIiwiVXNlckNvZGUiOiIwMDAwMDAwMiIsIlRlbCI6IjE1Mjg4MTMzMTE2IiwiRGVwdENvZGUiOiJEMDAwMDAyIiwibmJmIjoxNTg1Mjc3MDI5LCJleHAiOjE1ODUyNzg4MjksImlhdCI6MTU4NTI3NzAyOSwiaXNzIjoiWlhZTC5XZWIuQXBpIn0.RtrWi4-30WEYLZTI7bPyRpZSavkoB6FS4U56szyRKIk 
 data:

2020-03-27 10:55:05,193 [24] INFO  RequestLog - http://localhost:51534/api/PubRole/GetList
token:Bearer eyJhbGciOiJIUzI1NiIsInR5cCI6IkpXVCJ9.eyJ1bmlxdWVfbmFtZSI6ImFkbWluIiwiSWQiOiIyIiwiVXNlckNvZGUiOiIwMDAwMDAwMiIsIlRlbCI6IjE1Mjg4MTMzMTE2IiwiRGVwdENvZGUiOiJEMDAwMDAyIiwibmJmIjoxNTg1Mjc3MDI5LCJleHAiOjE1ODUyNzg4MjksImlhdCI6MTU4NTI3NzAyOSwiaXNzIjoiWlhZTC5XZWIuQXBpIn0.RtrWi4-30WEYLZTI7bPyRpZSavkoB6FS4U56szyRKIk 
 data:

2020-03-27 10:55:05,209 [24] INFO  RequestLog - http://localhost:51534/api/PubUser/GetPage
token:Bearer eyJhbGciOiJIUzI1NiIsInR5cCI6IkpXVCJ9.eyJ1bmlxdWVfbmFtZSI6ImFkbWluIiwiSWQiOiIyIiwiVXNlckNvZGUiOiIwMDAwMDAwMiIsIlRlbCI6IjE1Mjg4MTMzMTE2IiwiRGVwdENvZGUiOiJEMDAwMDAyIiwibmJmIjoxNTg1Mjc3MDI5LCJleHAiOjE1ODUyNzg4MjksImlhdCI6MTU4NTI3NzAyOSwiaXNzIjoiWlhZTC5XZWIuQXBpIn0.RtrWi4-30WEYLZTI7bPyRpZSavkoB6FS4U56szyRKIk 
 data:{"pageNum":1,"pageSize":10,"field":"Id","order":"asc","query":{}}

2020-03-27 10:55:20,904 [24] INFO  RequestLog - http://localhost:51534/api/PubRole/GetPage
token:Bearer eyJhbGciOiJIUzI1NiIsInR5cCI6IkpXVCJ9.eyJ1bmlxdWVfbmFtZSI6ImFkbWluIiwiSWQiOiIyIiwiVXNlckNvZGUiOiIwMDAwMDAwMiIsIlRlbCI6IjE1Mjg4MTMzMTE2IiwiRGVwdENvZGUiOiJEMDAwMDAyIiwibmJmIjoxNTg1Mjc3MDI5LCJleHAiOjE1ODUyNzg4MjksImlhdCI6MTU4NTI3NzAyOSwiaXNzIjoiWlhZTC5XZWIuQXBpIn0.RtrWi4-30WEYLZTI7bPyRpZSavkoB6FS4U56szyRKIk 
 data:{"pageNum":1,"pageSize":10,"field":"Id","order":"asc","query":{}}

2020-03-27 10:55:23,524 [26] INFO  RequestLog - http://localhost:51534/api/PubFunction/GetList
token:Bearer eyJhbGciOiJIUzI1NiIsInR5cCI6IkpXVCJ9.eyJ1bmlxdWVfbmFtZSI6ImFkbWluIiwiSWQiOiIyIiwiVXNlckNvZGUiOiIwMDAwMDAwMiIsIlRlbCI6IjE1Mjg4MTMzMTE2IiwiRGVwdENvZGUiOiJEMDAwMDAyIiwibmJmIjoxNTg1Mjc3MDI5LCJleHAiOjE1ODUyNzg4MjksImlhdCI6MTU4NTI3NzAyOSwiaXNzIjoiWlhZTC5XZWIuQXBpIn0.RtrWi4-30WEYLZTI7bPyRpZSavkoB6FS4U56szyRKIk 
 data:

2020-03-27 10:55:23,556 [29] INFO  RequestLog - http://localhost:51534/api/PubFunction/GetList
token:Bearer eyJhbGciOiJIUzI1NiIsInR5cCI6IkpXVCJ9.eyJ1bmlxdWVfbmFtZSI6ImFkbWluIiwiSWQiOiIyIiwiVXNlckNvZGUiOiIwMDAwMDAwMiIsIlRlbCI6IjE1Mjg4MTMzMTE2IiwiRGVwdENvZGUiOiJEMDAwMDAyIiwibmJmIjoxNTg1Mjc3MDI5LCJleHAiOjE1ODUyNzg4MjksImlhdCI6MTU4NTI3NzAyOSwiaXNzIjoiWlhZTC5XZWIuQXBpIn0.RtrWi4-30WEYLZTI7bPyRpZSavkoB6FS4U56szyRKIk 
 data:

2020-03-27 10:55:23,606 [26] INFO  RequestLog - http://localhost:51534/api/PubFunction/GetChildList/
token:Bearer eyJhbGciOiJIUzI1NiIsInR5cCI6IkpXVCJ9.eyJ1bmlxdWVfbmFtZSI6ImFkbWluIiwiSWQiOiIyIiwiVXNlckNvZGUiOiIwMDAwMDAwMiIsIlRlbCI6IjE1Mjg4MTMzMTE2IiwiRGVwdENvZGUiOiJEMDAwMDAyIiwibmJmIjoxNTg1Mjc3MDI5LCJleHAiOjE1ODUyNzg4MjksImlhdCI6MTU4NTI3NzAyOSwiaXNzIjoiWlhZTC5XZWIuQXBpIn0.RtrWi4-30WEYLZTI7bPyRpZSavkoB6FS4U56szyRKIk 
 data:

2020-03-27 10:55:58,406 [24] INFO  RequestLog - http://localhost:51534/api/PubUser/GetAccess
token:Bearer eyJhbGciOiJIUzI1NiIsInR5cCI6IkpXVCJ9.eyJ1bmlxdWVfbmFtZSI6ImFkbWluIiwiSWQiOiIyIiwiVXNlckNvZGUiOiIwMDAwMDAwMiIsIlRlbCI6IjE1Mjg4MTMzMTE2IiwiRGVwdENvZGUiOiJEMDAwMDAyIiwibmJmIjoxNTg1Mjc3MDI5LCJleHAiOjE1ODUyNzg4MjksImlhdCI6MTU4NTI3NzAyOSwiaXNzIjoiWlhZTC5XZWIuQXBpIn0.RtrWi4-30WEYLZTI7bPyRpZSavkoB6FS4U56szyRKIk 
 data:

2020-03-27 10:55:58,828 [28] INFO  RequestLog - http://localhost:51534/api/PubFunction/getMenu
token:Bearer eyJhbGciOiJIUzI1NiIsInR5cCI6IkpXVCJ9.eyJ1bmlxdWVfbmFtZSI6ImFkbWluIiwiSWQiOiIyIiwiVXNlckNvZGUiOiIwMDAwMDAwMiIsIlRlbCI6IjE1Mjg4MTMzMTE2IiwiRGVwdENvZGUiOiJEMDAwMDAyIiwibmJmIjoxNTg1Mjc3MDI5LCJleHAiOjE1ODUyNzg4MjksImlhdCI6MTU4NTI3NzAyOSwiaXNzIjoiWlhZTC5XZWIuQXBpIn0.RtrWi4-30WEYLZTI7bPyRpZSavkoB6FS4U56szyRKIk 
 data:

2020-03-27 10:56:01,061 [29] INFO  RequestLog - http://localhost:51534/api/PubFunction/GetChildList/
token:Bearer eyJhbGciOiJIUzI1NiIsInR5cCI6IkpXVCJ9.eyJ1bmlxdWVfbmFtZSI6ImFkbWluIiwiSWQiOiIyIiwiVXNlckNvZGUiOiIwMDAwMDAwMiIsIlRlbCI6IjE1Mjg4MTMzMTE2IiwiRGVwdENvZGUiOiJEMDAwMDAyIiwibmJmIjoxNTg1Mjc3MDI5LCJleHAiOjE1ODUyNzg4MjksImlhdCI6MTU4NTI3NzAyOSwiaXNzIjoiWlhZTC5XZWIuQXBpIn0.RtrWi4-30WEYLZTI7bPyRpZSavkoB6FS4U56szyRKIk 
 data:

2020-03-27 10:56:01,070 [26] INFO  RequestLog - http://localhost:51534/api/PubFunction/GetList
token:Bearer eyJhbGciOiJIUzI1NiIsInR5cCI6IkpXVCJ9.eyJ1bmlxdWVfbmFtZSI6ImFkbWluIiwiSWQiOiIyIiwiVXNlckNvZGUiOiIwMDAwMDAwMiIsIlRlbCI6IjE1Mjg4MTMzMTE2IiwiRGVwdENvZGUiOiJEMDAwMDAyIiwibmJmIjoxNTg1Mjc3MDI5LCJleHAiOjE1ODUyNzg4MjksImlhdCI6MTU4NTI3NzAyOSwiaXNzIjoiWlhZTC5XZWIuQXBpIn0.RtrWi4-30WEYLZTI7bPyRpZSavkoB6FS4U56szyRKIk 
 data:

2020-03-27 10:56:01,077 [26] INFO  RequestLog - http://localhost:51534/api/PubFunction/GetList
token:Bearer eyJhbGciOiJIUzI1NiIsInR5cCI6IkpXVCJ9.eyJ1bmlxdWVfbmFtZSI6ImFkbWluIiwiSWQiOiIyIiwiVXNlckNvZGUiOiIwMDAwMDAwMiIsIlRlbCI6IjE1Mjg4MTMzMTE2IiwiRGVwdENvZGUiOiJEMDAwMDAyIiwibmJmIjoxNTg1Mjc3MDI5LCJleHAiOjE1ODUyNzg4MjksImlhdCI6MTU4NTI3NzAyOSwiaXNzIjoiWlhZTC5XZWIuQXBpIn0.RtrWi4-30WEYLZTI7bPyRpZSavkoB6FS4U56szyRKIk 
 data:

2020-03-27 10:56:04,391 [30] INFO  RequestLog - http://localhost:51534/api/PubUser/GetPage
token:Bearer eyJhbGciOiJIUzI1NiIsInR5cCI6IkpXVCJ9.eyJ1bmlxdWVfbmFtZSI6ImFkbWluIiwiSWQiOiIyIiwiVXNlckNvZGUiOiIwMDAwMDAwMiIsIlRlbCI6IjE1Mjg4MTMzMTE2IiwiRGVwdENvZGUiOiJEMDAwMDAyIiwibmJmIjoxNTg1Mjc3MDI5LCJleHAiOjE1ODUyNzg4MjksImlhdCI6MTU4NTI3NzAyOSwiaXNzIjoiWlhZTC5XZWIuQXBpIn0.RtrWi4-30WEYLZTI7bPyRpZSavkoB6FS4U56szyRKIk 
 data:{"pageNum":1,"pageSize":10,"field":"Id","order":"asc","query":{}}

2020-03-27 10:56:04,400 [27] INFO  RequestLog - http://localhost:51534/api/PubRole/GetList
token:Bearer eyJhbGciOiJIUzI1NiIsInR5cCI6IkpXVCJ9.eyJ1bmlxdWVfbmFtZSI6ImFkbWluIiwiSWQiOiIyIiwiVXNlckNvZGUiOiIwMDAwMDAwMiIsIlRlbCI6IjE1Mjg4MTMzMTE2IiwiRGVwdENvZGUiOiJEMDAwMDAyIiwibmJmIjoxNTg1Mjc3MDI5LCJleHAiOjE1ODUyNzg4MjksImlhdCI6MTU4NTI3NzAyOSwiaXNzIjoiWlhZTC5XZWIuQXBpIn0.RtrWi4-30WEYLZTI7bPyRpZSavkoB6FS4U56szyRKIk 
 data:

2020-03-27 10:56:15,309 [31] INFO  RequestLog - http://localhost:51534/api/PubRole/GetPage
token:Bearer eyJhbGciOiJIUzI1NiIsInR5cCI6IkpXVCJ9.eyJ1bmlxdWVfbmFtZSI6ImFkbWluIiwiSWQiOiIyIiwiVXNlckNvZGUiOiIwMDAwMDAwMiIsIlRlbCI6IjE1Mjg4MTMzMTE2IiwiRGVwdENvZGUiOiJEMDAwMDAyIiwibmJmIjoxNTg1Mjc3MDI5LCJleHAiOjE1ODUyNzg4MjksImlhdCI6MTU4NTI3NzAyOSwiaXNzIjoiWlhZTC5XZWIuQXBpIn0.RtrWi4-30WEYLZTI7bPyRpZSavkoB6FS4U56szyRKIk 
 data:{"pageNum":1,"pageSize":10,"field":"Id","order":"asc","query":{}}

2020-03-27 10:56:17,547 [27] INFO  RequestLog - http://localhost:51534/api/PubFunction/GetChildList/
token:Bearer eyJhbGciOiJIUzI1NiIsInR5cCI6IkpXVCJ9.eyJ1bmlxdWVfbmFtZSI6ImFkbWluIiwiSWQiOiIyIiwiVXNlckNvZGUiOiIwMDAwMDAwMiIsIlRlbCI6IjE1Mjg4MTMzMTE2IiwiRGVwdENvZGUiOiJEMDAwMDAyIiwibmJmIjoxNTg1Mjc3MDI5LCJleHAiOjE1ODUyNzg4MjksImlhdCI6MTU4NTI3NzAyOSwiaXNzIjoiWlhZTC5XZWIuQXBpIn0.RtrWi4-30WEYLZTI7bPyRpZSavkoB6FS4U56szyRKIk 
 data:

2020-03-27 10:56:17,548 [27] INFO  RequestLog - http://localhost:51534/api/PubFunction/GetList
token:Bearer eyJhbGciOiJIUzI1NiIsInR5cCI6IkpXVCJ9.eyJ1bmlxdWVfbmFtZSI6ImFkbWluIiwiSWQiOiIyIiwiVXNlckNvZGUiOiIwMDAwMDAwMiIsIlRlbCI6IjE1Mjg4MTMzMTE2IiwiRGVwdENvZGUiOiJEMDAwMDAyIiwibmJmIjoxNTg1Mjc3MDI5LCJleHAiOjE1ODUyNzg4MjksImlhdCI6MTU4NTI3NzAyOSwiaXNzIjoiWlhZTC5XZWIuQXBpIn0.RtrWi4-30WEYLZTI7bPyRpZSavkoB6FS4U56szyRKIk 
 data:

2020-03-27 10:56:17,553 [27] INFO  RequestLog - http://localhost:51534/api/PubFunction/GetList
token:Bearer eyJhbGciOiJIUzI1NiIsInR5cCI6IkpXVCJ9.eyJ1bmlxdWVfbmFtZSI6ImFkbWluIiwiSWQiOiIyIiwiVXNlckNvZGUiOiIwMDAwMDAwMiIsIlRlbCI6IjE1Mjg4MTMzMTE2IiwiRGVwdENvZGUiOiJEMDAwMDAyIiwibmJmIjoxNTg1Mjc3MDI5LCJleHAiOjE1ODUyNzg4MjksImlhdCI6MTU4NTI3NzAyOSwiaXNzIjoiWlhZTC5XZWIuQXBpIn0.RtrWi4-30WEYLZTI7bPyRpZSavkoB6FS4U56szyRKIk 
 data:

2020-03-27 10:59:35,869 [26] INFO  RequestLog - http://localhost:51534/api/PubRole/GetPage
token:Bearer eyJhbGciOiJIUzI1NiIsInR5cCI6IkpXVCJ9.eyJ1bmlxdWVfbmFtZSI6ImFkbWluIiwiSWQiOiIyIiwiVXNlckNvZGUiOiIwMDAwMDAwMiIsIlRlbCI6IjE1Mjg4MTMzMTE2IiwiRGVwdENvZGUiOiJEMDAwMDAyIiwibmJmIjoxNTg1Mjc3MDI5LCJleHAiOjE1ODUyNzg4MjksImlhdCI6MTU4NTI3NzAyOSwiaXNzIjoiWlhZTC5XZWIuQXBpIn0.RtrWi4-30WEYLZTI7bPyRpZSavkoB6FS4U56szyRKIk 
 data:{"pageNum":1,"pageSize":10,"field":"Id","order":"asc","query":{}}
